<?xml version="1.0" encoding="UTF-8"?>
<!-- Generated by org.testng.reporters.JUnitXMLReporter -->
<testsuite hostname="IND-5CG0259CMH" ignored="0" name="book-flight-4" tests="5" failures="0" timestamp="27 Jun 2021 14:47:17 GMT" time="55.322" errors="0">
  <testcase name="registrationPage" time="45.3" classname="com.newtours.tests.BookFlightTest"/>
  <testcase name="registrationConfirmationPage" time="0.43" classname="com.newtours.tests.BookFlightTest"/>
  <testcase name="flightDetailsPage" time="2.522" classname="com.newtours.tests.BookFlightTest"/>
  <testcase name="findFlightPage" time="1.064" classname="com.newtours.tests.BookFlightTest"/>
  <testcase name="flightConfirmationPage" time="0.575" classname="com.newtours.tests.BookFlightTest"/>
</testsuite> <!-- book-flight-4 -->
