<?xml version="1.0" encoding="UTF-8"?>
<!-- Generated by org.testng.reporters.JUnitXMLReporter -->
<testsuite hostname="IND-5CG0259CMH" ignored="0" name="book-flight-1" tests="5" failures="0" timestamp="27 Jun 2021 14:44:44 GMT" time="40.577" errors="0">
  <testcase name="registrationPage" time="29.027" classname="com.newtours.tests.BookFlightTest"/>
  <testcase name="registrationConfirmationPage" time="0.472" classname="com.newtours.tests.BookFlightTest"/>
  <testcase name="flightDetailsPage" time="2.615" classname="com.newtours.tests.BookFlightTest"/>
  <testcase name="findFlightPage" time="1.133" classname="com.newtours.tests.BookFlightTest"/>
  <testcase name="flightConfirmationPage" time="0.84" classname="com.newtours.tests.BookFlightTest"/>
</testsuite> <!-- book-flight-1 -->
