<?xml version="1.0" encoding="UTF-8"?>
<!-- Generated by org.testng.reporters.JUnitXMLReporter -->
<testsuite hostname="IND-5CG0259CMH" ignored="0" name="book-flight-3" tests="5" failures="0" timestamp="27 Jun 2021 14:46:22 GMT" time="53.012" errors="0">
  <testcase name="registrationPage" time="43.097" classname="com.newtours.tests.BookFlightTest"/>
  <testcase name="registrationConfirmationPage" time="0.417" classname="com.newtours.tests.BookFlightTest"/>
  <testcase name="flightDetailsPage" time="2.463" classname="com.newtours.tests.BookFlightTest"/>
  <testcase name="findFlightPage" time="1.125" classname="com.newtours.tests.BookFlightTest"/>
  <testcase name="flightConfirmationPage" time="0.819" classname="com.newtours.tests.BookFlightTest"/>
</testsuite> <!-- book-flight-3 -->
